[2026-06-22 20:34:02.266513 +02:00] INFO [sqlx_postgres::connection::stream] relation "_sqlx_migrations" already exists, skipping
[2026-06-22 20:34:02.490274 +02:00] INFO [actix_server::builder] starting 24 workers
[2026-06-22 20:34:02.490364 +02:00] INFO [actix_server::server] Actix runtime found; starting in Actix runtime
[2026-06-22 20:34:02.490382 +02:00] INFO [actix_server::server] starting service: "actix-web-service-0.0.0.0:8080", workers: 24, listening on: 0.0.0.0:8080
[2026-06-22 20:34:16.239484 +02:00] INFO [actix_server::server] SIGINT received; starting forced shutdown
[2026-06-22 20:34:16.239605 +02:00] INFO [actix_server::worker] shutting down idle worker
[2026-06-22 20:34:16.239609 +02:00] INFO [actix_server::worker] shutting down idle worker
[2026-06-22 20:34:16.239653 +02:00] INFO [actix_server::worker] shutting down idle worker
[2026-06-22 20:34:16.239629 +02:00] INFO [actix_server::worker] shutting down idle worker
[2026-06-22 20:34:16.239688 +02:00] INFO [actix_server::worker] shutting down idle worker
[2026-06-22 20:34:16.239649 +02:00] INFO [actix_server::worker] shutting down idle worker
[2026-06-22 20:34:16.239609 +02:00] INFO [actix_server::worker] shutting down idle worker
[2026-06-22 20:34:16.239723 +02:00] INFO [actix_server::worker] shutting down idle worker
[2026-06-22 20:34:16.239604 +02:00] INFO [actix_server::worker] shutting down idle worker
[2026-06-22 20:34:16.239652 +02:00] INFO [actix_server::worker] shutting down idle worker
[2026-06-22 20:34:16.239647 +02:00] INFO [actix_server::worker] shutting down idle worker
[2026-06-22 20:34:16.239713 +02:00] INFO [actix_server::worker] shutting down idle worker
[2026-06-22 20:34:16.239777 +02:00] INFO [actix_server::accept] accept thread stopped
[2026-06-22 20:34:16.239706 +02:00] INFO [actix_server::worker] shutting down idle worker
[2026-06-22 20:34:16.239711 +02:00] INFO [actix_server::worker] shutting down idle worker
[2026-06-22 20:34:16.239683 +02:00] INFO [actix_server::worker] shutting down idle worker
[2026-06-22 20:34:16.239604 +02:00] INFO [actix_server::worker] shutting down idle worker
[2026-06-22 20:34:16.239838 +02:00] INFO [actix_server::worker] shutting down idle worker
[2026-06-22 20:34:16.239872 +02:00] INFO [actix_server::worker] shutting down idle worker
[2026-06-22 20:34:16.239617 +02:00] INFO [actix_server::worker] shutting down idle worker
[2026-06-22 20:34:16.239870 +02:00] INFO [actix_server::worker] shutting down idle worker
[2026-06-22 20:34:16.239867 +02:00] INFO [actix_server::worker] shutting down idle worker
[2026-06-22 20:34:16.239874 +02:00] INFO [actix_server::worker] shutting down idle worker
[2026-06-22 20:34:16.239873 +02:00] INFO [actix_server::worker] shutting down idle worker
[2026-06-22 20:34:16.239867 +02:00] INFO [actix_server::worker] shutting down idle worker
